[2023-06-04 20:56:01] local.ERROR: syntax error, unexpected token "{" {"exception":"[object] (ParseError(code: 0): syntax error, unexpected token \"{\" at /Users/denfreemann/LaravelCRUD-Deniss/database/migrations/2023_06_04_204505_create_companies_table.php:13)
[stacktrace]
#0 /Users/denfreemann/LaravelCRUD-Deniss/vendor/laravel/framework/src/Illuminate/Filesystem/Filesystem.php(150): Illuminate\\Filesystem\\Filesystem::Illuminate\\Filesystem\\{closure}()
#1 /Users/denfreemann/LaravelCRUD-Deniss/vendor/laravel/framework/src/Illuminate/Database/Migrations/Migrator.php(574): Illuminate\\Filesystem\\Filesystem->requireOnce('/Users/denfreem...')
#2 /Users/denfreemann/LaravelCRUD-Deniss/vendor/laravel/framework/src/Illuminate/Database/Migrations/Migrator.php(117): Illuminate\\Database\\Migrations\\Migrator->requireFiles(Array)
#3 /Users/denfreemann/LaravelCRUD-Deniss/vendor/laravel/framework/src/Illuminate/Database/Console/Migrations/MigrateCommand.php(88): Illuminate\\Database\\Migrations\\Migrator->run(Array, Array)
#4 /Users/denfreemann/LaravelCRUD-Deniss/vendor/laravel/framework/src/Illuminate/Database/Migrations/Migrator.php(633): Illuminate\\Database\\Console\\Migrations\\MigrateCommand->Illuminate\\Database\\Console\\Migrations\\{closure}()
#5 /Users/denfreemann/LaravelCRUD-Deniss/vendor/laravel/framework/src/Illuminate/Database/Console/Migrations/MigrateCommand.php(81): Illuminate\\Database\\Migrations\\Migrator->usingConnection(NULL, Object(Closure))
#6 /Users/denfreemann/LaravelCRUD-Deniss/vendor/laravel/framework/src/Illuminate/Container/BoundMethod.php(36): Illuminate\\Database\\Console\\Migrations\\MigrateCommand->handle()
#7 /Users/denfreemann/LaravelCRUD-Deniss/vendor/laravel/framework/src/Illuminate/Container/Util.php(41): Illuminate\\Container\\BoundMethod::Illuminate\\Container\\{closure}()
#8 /Users/denfreemann/LaravelCRUD-Deniss/vendor/laravel/framework/src/Illuminate/Container/BoundMethod.php(93): Illuminate\\Container\\Util::unwrapIfClosure(Object(Closure))
#9 /Users/denfreemann/LaravelCRUD-Deniss/vendor/laravel/framework/src/Illuminate/Container/BoundMethod.php(35): Illuminate\\Container\\BoundMethod::callBoundMethod(Object(Illuminate\\Foundation\\Application), Array, Object(Closure))
#10 /Users/denfreemann/LaravelCRUD-Deniss/vendor/laravel/framework/src/Illuminate/Container/Container.php(662): Illuminate\\Container\\BoundMethod::call(Object(Illuminate\\Foundation\\Application), Array, Array, NULL)
#11 /Users/denfreemann/LaravelCRUD-Deniss/vendor/laravel/framework/src/Illuminate/Console/Command.php(208): Illuminate\\Container\\Container->call(Array)
#12 /Users/denfreemann/LaravelCRUD-Deniss/vendor/symfony/console/Command/Command.php(326): Illuminate\\Console\\Command->execute(Object(Symfony\\Component\\Console\\Input\\ArgvInput), Object(Illuminate\\Console\\OutputStyle))
#13 /Users/denfreemann/LaravelCRUD-Deniss/vendor/laravel/framework/src/Illuminate/Console/Command.php(177): Symfony\\Component\\Console\\Command\\Command->run(Object(Symfony\\Component\\Console\\Input\\ArgvInput), Object(Illuminate\\Console\\OutputStyle))
#14 /Users/denfreemann/LaravelCRUD-Deniss/vendor/symfony/console/Application.php(1081): Illuminate\\Console\\Command->run(Object(Symfony\\Component\\Console\\Input\\ArgvInput), Object(Symfony\\Component\\Console\\Output\\ConsoleOutput))
#15 /Users/denfreemann/LaravelCRUD-Deniss/vendor/symfony/console/Application.php(320): Symfony\\Component\\Console\\Application->doRunCommand(Object(Illuminate\\Database\\Console\\Migrations\\MigrateCommand), Object(Symfony\\Component\\Console\\Input\\ArgvInput), Object(Symfony\\Component\\Console\\Output\\ConsoleOutput))
#16 /Users/denfreemann/LaravelCRUD-Deniss/vendor/symfony/console/Application.php(174): Symfony\\Component\\Console\\Application->doRun(Object(Symfony\\Component\\Console\\Input\\ArgvInput), Object(Symfony\\Component\\Console\\Output\\ConsoleOutput))
#17 /Users/denfreemann/LaravelCRUD-Deniss/vendor/laravel/framework/src/Illuminate/Foundation/Console/Kernel.php(200): Symfony\\Component\\Console\\Application->run(Object(Symfony\\Component\\Console\\Input\\ArgvInput), Object(Symfony\\Component\\Console\\Output\\ConsoleOutput))
#18 /Users/denfreemann/LaravelCRUD-Deniss/artisan(35): Illuminate\\Foundation\\Console\\Kernel->handle(Object(Symfony\\Component\\Console\\Input\\ArgvInput), Object(Symfony\\Component\\Console\\Output\\ConsoleOutput))
#19 {main}
"} 
[2023-06-04 20:58:54] local.ERROR: syntax error, unexpected token "public", expecting "{" {"exception":"[object] (ParseError(code: 0): syntax error, unexpected token \"public\", expecting \"{\" at /Users/denfreemann/LaravelCRUD-Deniss/database/migrations/2023_06_04_204505_create_companies_table.php:12)
[stacktrace]
#0 /Users/denfreemann/LaravelCRUD-Deniss/vendor/laravel/framework/src/Illuminate/Filesystem/Filesystem.php(150): Illuminate\\Filesystem\\Filesystem::Illuminate\\Filesystem\\{closure}()
#1 /Users/denfreemann/LaravelCRUD-Deniss/vendor/laravel/framework/src/Illuminate/Database/Migrations/Migrator.php(574): Illuminate\\Filesystem\\Filesystem->requireOnce('/Users/denfreem...')
#2 /Users/denfreemann/LaravelCRUD-Deniss/vendor/laravel/framework/src/Illuminate/Database/Migrations/Migrator.php(117): Illuminate\\Database\\Migrations\\Migrator->requireFiles(Array)
#3 /Users/denfreemann/LaravelCRUD-Deniss/vendor/laravel/framework/src/Illuminate/Database/Console/Migrations/MigrateCommand.php(88): Illuminate\\Database\\Migrations\\Migrator->run(Array, Array)
#4 /Users/denfreemann/LaravelCRUD-Deniss/vendor/laravel/framework/src/Illuminate/Database/Migrations/Migrator.php(633): Illuminate\\Database\\Console\\Migrations\\MigrateCommand->Illuminate\\Database\\Console\\Migrations\\{closure}()
#5 /Users/denfreemann/LaravelCRUD-Deniss/vendor/laravel/framework/src/Illuminate/Database/Console/Migrations/MigrateCommand.php(81): Illuminate\\Database\\Migrations\\Migrator->usingConnection(NULL, Object(Closure))
#6 /Users/denfreemann/LaravelCRUD-Deniss/vendor/laravel/framework/src/Illuminate/Container/BoundMethod.php(36): Illuminate\\Database\\Console\\Migrations\\MigrateCommand->handle()
#7 /Users/denfreemann/LaravelCRUD-Deniss/vendor/laravel/framework/src/Illuminate/Container/Util.php(41): Illuminate\\Container\\BoundMethod::Illuminate\\Container\\{closure}()
#8 /Users/denfreemann/LaravelCRUD-Deniss/vendor/laravel/framework/src/Illuminate/Container/BoundMethod.php(93): Illuminate\\Container\\Util::unwrapIfClosure(Object(Closure))
#9 /Users/denfreemann/LaravelCRUD-Deniss/vendor/laravel/framework/src/Illuminate/Container/BoundMethod.php(35): Illuminate\\Container\\BoundMethod::callBoundMethod(Object(Illuminate\\Foundation\\Application), Array, Object(Closure))
#10 /Users/denfreemann/LaravelCRUD-Deniss/vendor/laravel/framework/src/Illuminate/Container/Container.php(662): Illuminate\\Container\\BoundMethod::call(Object(Illuminate\\Foundation\\Application), Array, Array, NULL)
#11 /Users/denfreemann/LaravelCRUD-Deniss/vendor/laravel/framework/src/Illuminate/Console/Command.php(208): Illuminate\\Container\\Container->call(Array)
#12 /Users/denfreemann/LaravelCRUD-Deniss/vendor/symfony/console/Command/Command.php(326): Illuminate\\Console\\Command->execute(Object(Symfony\\Component\\Console\\Input\\ArgvInput), Object(Illuminate\\Console\\OutputStyle))
#13 /Users/denfreemann/LaravelCRUD-Deniss/vendor/laravel/framework/src/Illuminate/Console/Command.php(177): Symfony\\Component\\Console\\Command\\Command->run(Object(Symfony\\Component\\Console\\Input\\ArgvInput), Object(Illuminate\\Console\\OutputStyle))
#14 /Users/denfreemann/LaravelCRUD-Deniss/vendor/symfony/console/Application.php(1081): Illuminate\\Console\\Command->run(Object(Symfony\\Component\\Console\\Input\\ArgvInput), Object(Symfony\\Component\\Console\\Output\\ConsoleOutput))
#15 /Users/denfreemann/LaravelCRUD-Deniss/vendor/symfony/console/Application.php(320): Symfony\\Component\\Console\\Application->doRunCommand(Object(Illuminate\\Database\\Console\\Migrations\\MigrateCommand), Object(Symfony\\Component\\Console\\Input\\ArgvInput), Object(Symfony\\Component\\Console\\Output\\ConsoleOutput))
#16 /Users/denfreemann/LaravelCRUD-Deniss/vendor/symfony/console/Application.php(174): Symfony\\Component\\Console\\Application->doRun(Object(Symfony\\Component\\Console\\Input\\ArgvInput), Object(Symfony\\Component\\Console\\Output\\ConsoleOutput))
#17 /Users/denfreemann/LaravelCRUD-Deniss/vendor/laravel/framework/src/Illuminate/Foundation/Console/Kernel.php(200): Symfony\\Component\\Console\\Application->run(Object(Symfony\\Component\\Console\\Input\\ArgvInput), Object(Symfony\\Component\\Console\\Output\\ConsoleOutput))
#18 /Users/denfreemann/LaravelCRUD-Deniss/artisan(35): Illuminate\\Foundation\\Console\\Kernel->handle(Object(Symfony\\Component\\Console\\Input\\ArgvInput), Object(Symfony\\Component\\Console\\Output\\ConsoleOutput))
#19 {main}
"} 
[2023-06-04 21:02:46] local.ERROR: syntax error, unexpected token "public", expecting "{" {"exception":"[object] (ParseError(code: 0): syntax error, unexpected token \"public\", expecting \"{\" at /Users/denfreemann/LaravelCRUD-Deniss/database/migrations/2023_06_04_204505_create_companies_table.php:12)
[stacktrace]
#0 /Users/denfreemann/LaravelCRUD-Deniss/vendor/laravel/framework/src/Illuminate/Filesystem/Filesystem.php(150): Illuminate\\Filesystem\\Filesystem::Illuminate\\Filesystem\\{closure}()
#1 /Users/denfreemann/LaravelCRUD-Deniss/vendor/laravel/framework/src/Illuminate/Database/Migrations/Migrator.php(574): Illuminate\\Filesystem\\Filesystem->requireOnce('/Users/denfreem...')
#2 /Users/denfreemann/LaravelCRUD-Deniss/vendor/laravel/framework/src/Illuminate/Database/Migrations/Migrator.php(117): Illuminate\\Database\\Migrations\\Migrator->requireFiles(Array)
#3 /Users/denfreemann/LaravelCRUD-Deniss/vendor/laravel/framework/src/Illuminate/Database/Console/Migrations/MigrateCommand.php(88): Illuminate\\Database\\Migrations\\Migrator->run(Array, Array)
#4 /Users/denfreemann/LaravelCRUD-Deniss/vendor/laravel/framework/src/Illuminate/Database/Migrations/Migrator.php(633): Illuminate\\Database\\Console\\Migrations\\MigrateCommand->Illuminate\\Database\\Console\\Migrations\\{closure}()
#5 /Users/denfreemann/LaravelCRUD-Deniss/vendor/laravel/framework/src/Illuminate/Database/Console/Migrations/MigrateCommand.php(81): Illuminate\\Database\\Migrations\\Migrator->usingConnection(NULL, Object(Closure))
#6 /Users/denfreemann/LaravelCRUD-Deniss/vendor/laravel/framework/src/Illuminate/Container/BoundMethod.php(36): Illuminate\\Database\\Console\\Migrations\\MigrateCommand->handle()
#7 /Users/denfreemann/LaravelCRUD-Deniss/vendor/laravel/framework/src/Illuminate/Container/Util.php(41): Illuminate\\Container\\BoundMethod::Illuminate\\Container\\{closure}()
#8 /Users/denfreemann/LaravelCRUD-Deniss/vendor/laravel/framework/src/Illuminate/Container/BoundMethod.php(93): Illuminate\\Container\\Util::unwrapIfClosure(Object(Closure))
#9 /Users/denfreemann/LaravelCRUD-Deniss/vendor/laravel/framework/src/Illuminate/Container/BoundMethod.php(35): Illuminate\\Container\\BoundMethod::callBoundMethod(Object(Illuminate\\Foundation\\Application), Array, Object(Closure))
#10 /Users/denfreemann/LaravelCRUD-Deniss/vendor/laravel/framework/src/Illuminate/Container/Container.php(662): Illuminate\\Container\\BoundMethod::call(Object(Illuminate\\Foundation\\Application), Array, Array, NULL)
#11 /Users/denfreemann/LaravelCRUD-Deniss/vendor/laravel/framework/src/Illuminate/Console/Command.php(208): Illuminate\\Container\\Container->call(Array)
#12 /Users/denfreemann/LaravelCRUD-Deniss/vendor/symfony/console/Command/Command.php(326): Illuminate\\Console\\Command->execute(Object(Symfony\\Component\\Console\\Input\\ArgvInput), Object(Illuminate\\Console\\OutputStyle))
#13 /Users/denfreemann/LaravelCRUD-Deniss/vendor/laravel/framework/src/Illuminate/Console/Command.php(177): Symfony\\Component\\Console\\Command\\Command->run(Object(Symfony\\Component\\Console\\Input\\ArgvInput), Object(Illuminate\\Console\\OutputStyle))
#14 /Users/denfreemann/LaravelCRUD-Deniss/vendor/symfony/console/Application.php(1081): Illuminate\\Console\\Command->run(Object(Symfony\\Component\\Console\\Input\\ArgvInput), Object(Symfony\\Component\\Console\\Output\\ConsoleOutput))
#15 /Users/denfreemann/LaravelCRUD-Deniss/vendor/symfony/console/Application.php(320): Symfony\\Component\\Console\\Application->doRunCommand(Object(Illuminate\\Database\\Console\\Migrations\\MigrateCommand), Object(Symfony\\Component\\Console\\Input\\ArgvInput), Object(Symfony\\Component\\Console\\Output\\ConsoleOutput))
#16 /Users/denfreemann/LaravelCRUD-Deniss/vendor/symfony/console/Application.php(174): Symfony\\Component\\Console\\Application->doRun(Object(Symfony\\Component\\Console\\Input\\ArgvInput), Object(Symfony\\Component\\Console\\Output\\ConsoleOutput))
#17 /Users/denfreemann/LaravelCRUD-Deniss/vendor/laravel/framework/src/Illuminate/Foundation/Console/Kernel.php(200): Symfony\\Component\\Console\\Application->run(Object(Symfony\\Component\\Console\\Input\\ArgvInput), Object(Symfony\\Component\\Console\\Output\\ConsoleOutput))
#18 /Users/denfreemann/LaravelCRUD-Deniss/artisan(35): Illuminate\\Foundation\\Console\\Kernel->handle(Object(Symfony\\Component\\Console\\Input\\ArgvInput), Object(Symfony\\Component\\Console\\Output\\ConsoleOutput))
#19 {main}
"} 
[2023-06-04 21:07:12] local.ERROR: syntax error, unexpected token "public", expecting "{" {"exception":"[object] (ParseError(code: 0): syntax error, unexpected token \"public\", expecting \"{\" at /Users/denfreemann/LaravelCRUD-Deniss/database/migrations/2023_06_04_204505_create_companies_table.php:12)
[stacktrace]
#0 /Users/denfreemann/LaravelCRUD-Deniss/vendor/laravel/framework/src/Illuminate/Filesystem/Filesystem.php(150): Illuminate\\Filesystem\\Filesystem::Illuminate\\Filesystem\\{closure}()
#1 /Users/denfreemann/LaravelCRUD-Deniss/vendor/laravel/framework/src/Illuminate/Database/Migrations/Migrator.php(574): Illuminate\\Filesystem\\Filesystem->requireOnce('/Users/denfreem...')
#2 /Users/denfreemann/LaravelCRUD-Deniss/vendor/laravel/framework/src/Illuminate/Database/Migrations/Migrator.php(117): Illuminate\\Database\\Migrations\\Migrator->requireFiles(Array)
#3 /Users/denfreemann/LaravelCRUD-Deniss/vendor/laravel/framework/src/Illuminate/Database/Console/Migrations/MigrateCommand.php(88): Illuminate\\Database\\Migrations\\Migrator->run(Array, Array)
#4 /Users/denfreemann/LaravelCRUD-Deniss/vendor/laravel/framework/src/Illuminate/Database/Migrations/Migrator.php(633): Illuminate\\Database\\Console\\Migrations\\MigrateCommand->Illuminate\\Database\\Console\\Migrations\\{closure}()
#5 /Users/denfreemann/LaravelCRUD-Deniss/vendor/laravel/framework/src/Illuminate/Database/Console/Migrations/MigrateCommand.php(81): Illuminate\\Database\\Migrations\\Migrator->usingConnection(NULL, Object(Closure))
#6 /Users/denfreemann/LaravelCRUD-Deniss/vendor/laravel/framework/src/Illuminate/Container/BoundMethod.php(36): Illuminate\\Database\\Console\\Migrations\\MigrateCommand->handle()
#7 /Users/denfreemann/LaravelCRUD-Deniss/vendor/laravel/framework/src/Illuminate/Container/Util.php(41): Illuminate\\Container\\BoundMethod::Illuminate\\Container\\{closure}()
#8 /Users/denfreemann/LaravelCRUD-Deniss/vendor/laravel/framework/src/Illuminate/Container/BoundMethod.php(93): Illuminate\\Container\\Util::unwrapIfClosure(Object(Closure))
#9 /Users/denfreemann/LaravelCRUD-Deniss/vendor/laravel/framework/src/Illuminate/Container/BoundMethod.php(35): Illuminate\\Container\\BoundMethod::callBoundMethod(Object(Illuminate\\Foundation\\Application), Array, Object(Closure))
#10 /Users/denfreemann/LaravelCRUD-Deniss/vendor/laravel/framework/src/Illuminate/Container/Container.php(662): Illuminate\\Container\\BoundMethod::call(Object(Illuminate\\Foundation\\Application), Array, Array, NULL)
#11 /Users/denfreemann/LaravelCRUD-Deniss/vendor/laravel/framework/src/Illuminate/Console/Command.php(208): Illuminate\\Container\\Container->call(Array)
#12 /Users/denfreemann/LaravelCRUD-Deniss/vendor/symfony/console/Command/Command.php(326): Illuminate\\Console\\Command->execute(Object(Symfony\\Component\\Console\\Input\\ArgvInput), Object(Illuminate\\Console\\OutputStyle))
#13 /Users/denfreemann/LaravelCRUD-Deniss/vendor/laravel/framework/src/Illuminate/Console/Command.php(177): Symfony\\Component\\Console\\Command\\Command->run(Object(Symfony\\Component\\Console\\Input\\ArgvInput), Object(Illuminate\\Console\\OutputStyle))
#14 /Users/denfreemann/LaravelCRUD-Deniss/vendor/symfony/console/Application.php(1081): Illuminate\\Console\\Command->run(Object(Symfony\\Component\\Console\\Input\\ArgvInput), Object(Symfony\\Component\\Console\\Output\\ConsoleOutput))
#15 /Users/denfreemann/LaravelCRUD-Deniss/vendor/symfony/console/Application.php(320): Symfony\\Component\\Console\\Application->doRunCommand(Object(Illuminate\\Database\\Console\\Migrations\\MigrateCommand), Object(Symfony\\Component\\Console\\Input\\ArgvInput), Object(Symfony\\Component\\Console\\Output\\ConsoleOutput))
#16 /Users/denfreemann/LaravelCRUD-Deniss/vendor/symfony/console/Application.php(174): Symfony\\Component\\Console\\Application->doRun(Object(Symfony\\Component\\Console\\Input\\ArgvInput), Object(Symfony\\Component\\Console\\Output\\ConsoleOutput))
#17 /Users/denfreemann/LaravelCRUD-Deniss/vendor/laravel/framework/src/Illuminate/Foundation/Console/Kernel.php(200): Symfony\\Component\\Console\\Application->run(Object(Symfony\\Component\\Console\\Input\\ArgvInput), Object(Symfony\\Component\\Console\\Output\\ConsoleOutput))
#18 /Users/denfreemann/LaravelCRUD-Deniss/artisan(35): Illuminate\\Foundation\\Console\\Kernel->handle(Object(Symfony\\Component\\Console\\Input\\ArgvInput), Object(Symfony\\Component\\Console\\Output\\ConsoleOutput))
#19 {main}
"} 
[2023-06-04 21:10:04] local.ERROR: syntax error, unexpected token "public", expecting "{" {"exception":"[object] (ParseError(code: 0): syntax error, unexpected token \"public\", expecting \"{\" at /Users/denfreemann/LaravelCRUD-Deniss/database/migrations/2023_06_04_204505_create_companies_table.php:12)
[stacktrace]
#0 /Users/denfreemann/LaravelCRUD-Deniss/vendor/laravel/framework/src/Illuminate/Filesystem/Filesystem.php(150): Illuminate\\Filesystem\\Filesystem::Illuminate\\Filesystem\\{closure}()
#1 /Users/denfreemann/LaravelCRUD-Deniss/vendor/laravel/framework/src/Illuminate/Database/Migrations/Migrator.php(574): Illuminate\\Filesystem\\Filesystem->requireOnce('/Users/denfreem...')
#2 /Users/denfreemann/LaravelCRUD-Deniss/vendor/laravel/framework/src/Illuminate/Database/Migrations/Migrator.php(117): Illuminate\\Database\\Migrations\\Migrator->requireFiles(Array)
#3 /Users/denfreemann/LaravelCRUD-Deniss/vendor/laravel/framework/src/Illuminate/Database/Console/Migrations/MigrateCommand.php(88): Illuminate\\Database\\Migrations\\Migrator->run(Array, Array)
#4 /Users/denfreemann/LaravelCRUD-Deniss/vendor/laravel/framework/src/Illuminate/Database/Migrations/Migrator.php(633): Illuminate\\Database\\Console\\Migrations\\MigrateCommand->Illuminate\\Database\\Console\\Migrations\\{closure}()
#5 /Users/denfreemann/LaravelCRUD-Deniss/vendor/laravel/framework/src/Illuminate/Database/Console/Migrations/MigrateCommand.php(81): Illuminate\\Database\\Migrations\\Migrator->usingConnection(NULL, Object(Closure))
#6 /Users/denfreemann/LaravelCRUD-Deniss/vendor/laravel/framework/src/Illuminate/Container/BoundMethod.php(36): Illuminate\\Database\\Console\\Migrations\\MigrateCommand->handle()
#7 /Users/denfreemann/LaravelCRUD-Deniss/vendor/laravel/framework/src/Illuminate/Container/Util.php(41): Illuminate\\Container\\BoundMethod::Illuminate\\Container\\{closure}()
#8 /Users/denfreemann/LaravelCRUD-Deniss/vendor/laravel/framework/src/Illuminate/Container/BoundMethod.php(93): Illuminate\\Container\\Util::unwrapIfClosure(Object(Closure))
#9 /Users/denfreemann/LaravelCRUD-Deniss/vendor/laravel/framework/src/Illuminate/Container/BoundMethod.php(35): Illuminate\\Container\\BoundMethod::callBoundMethod(Object(Illuminate\\Foundation\\Application), Array, Object(Closure))
#10 /Users/denfreemann/LaravelCRUD-Deniss/vendor/laravel/framework/src/Illuminate/Container/Container.php(662): Illuminate\\Container\\BoundMethod::call(Object(Illuminate\\Foundation\\Application), Array, Array, NULL)
#11 /Users/denfreemann/LaravelCRUD-Deniss/vendor/laravel/framework/src/Illuminate/Console/Command.php(208): Illuminate\\Container\\Container->call(Array)
#12 /Users/denfreemann/LaravelCRUD-Deniss/vendor/symfony/console/Command/Command.php(326): Illuminate\\Console\\Command->execute(Object(Symfony\\Component\\Console\\Input\\ArgvInput), Object(Illuminate\\Console\\OutputStyle))
#13 /Users/denfreemann/LaravelCRUD-Deniss/vendor/laravel/framework/src/Illuminate/Console/Command.php(177): Symfony\\Component\\Console\\Command\\Command->run(Object(Symfony\\Component\\Console\\Input\\ArgvInput), Object(Illuminate\\Console\\OutputStyle))
#14 /Users/denfreemann/LaravelCRUD-Deniss/vendor/symfony/console/Application.php(1081): Illuminate\\Console\\Command->run(Object(Symfony\\Component\\Console\\Input\\ArgvInput), Object(Symfony\\Component\\Console\\Output\\ConsoleOutput))
#15 /Users/denfreemann/LaravelCRUD-Deniss/vendor/symfony/console/Application.php(320): Symfony\\Component\\Console\\Application->doRunCommand(Object(Illuminate\\Database\\Console\\Migrations\\MigrateCommand), Object(Symfony\\Component\\Console\\Input\\ArgvInput), Object(Symfony\\Component\\Console\\Output\\ConsoleOutput))
#16 /Users/denfreemann/LaravelCRUD-Deniss/vendor/symfony/console/Application.php(174): Symfony\\Component\\Console\\Application->doRun(Object(Symfony\\Component\\Console\\Input\\ArgvInput), Object(Symfony\\Component\\Console\\Output\\ConsoleOutput))
#17 /Users/denfreemann/LaravelCRUD-Deniss/vendor/laravel/framework/src/Illuminate/Foundation/Console/Kernel.php(200): Symfony\\Component\\Console\\Application->run(Object(Symfony\\Component\\Console\\Input\\ArgvInput), Object(Symfony\\Component\\Console\\Output\\ConsoleOutput))
#18 /Users/denfreemann/LaravelCRUD-Deniss/artisan(35): Illuminate\\Foundation\\Console\\Kernel->handle(Object(Symfony\\Component\\Console\\Input\\ArgvInput), Object(Symfony\\Component\\Console\\Output\\ConsoleOutput))
#19 {main}
"} 
[2023-06-04 21:16:01] local.ERROR: syntax error, unexpected token "public", expecting "{" {"exception":"[object] (ParseError(code: 0): syntax error, unexpected token \"public\", expecting \"{\" at /Users/denfreemann/LaravelCRUD-Deniss/database/migrations/2023_06_04_204505_create_companies_table.php:13)
[stacktrace]
#0 /Users/denfreemann/LaravelCRUD-Deniss/vendor/laravel/framework/src/Illuminate/Filesystem/Filesystem.php(150): Illuminate\\Filesystem\\Filesystem::Illuminate\\Filesystem\\{closure}()
#1 /Users/denfreemann/LaravelCRUD-Deniss/vendor/laravel/framework/src/Illuminate/Database/Migrations/Migrator.php(574): Illuminate\\Filesystem\\Filesystem->requireOnce('/Users/denfreem...')
#2 /Users/denfreemann/LaravelCRUD-Deniss/vendor/laravel/framework/src/Illuminate/Database/Migrations/Migrator.php(117): Illuminate\\Database\\Migrations\\Migrator->requireFiles(Array)
#3 /Users/denfreemann/LaravelCRUD-Deniss/vendor/laravel/framework/src/Illuminate/Database/Console/Migrations/MigrateCommand.php(88): Illuminate\\Database\\Migrations\\Migrator->run(Array, Array)
#4 /Users/denfreemann/LaravelCRUD-Deniss/vendor/laravel/framework/src/Illuminate/Database/Migrations/Migrator.php(633): Illuminate\\Database\\Console\\Migrations\\MigrateCommand->Illuminate\\Database\\Console\\Migrations\\{closure}()
#5 /Users/denfreemann/LaravelCRUD-Deniss/vendor/laravel/framework/src/Illuminate/Database/Console/Migrations/MigrateCommand.php(81): Illuminate\\Database\\Migrations\\Migrator->usingConnection(NULL, Object(Closure))
#6 /Users/denfreemann/LaravelCRUD-Deniss/vendor/laravel/framework/src/Illuminate/Container/BoundMethod.php(36): Illuminate\\Database\\Console\\Migrations\\MigrateCommand->handle()
#7 /Users/denfreemann/LaravelCRUD-Deniss/vendor/laravel/framework/src/Illuminate/Container/Util.php(41): Illuminate\\Container\\BoundMethod::Illuminate\\Container\\{closure}()
#8 /Users/denfreemann/LaravelCRUD-Deniss/vendor/laravel/framework/src/Illuminate/Container/BoundMethod.php(93): Illuminate\\Container\\Util::unwrapIfClosure(Object(Closure))
#9 /Users/denfreemann/LaravelCRUD-Deniss/vendor/laravel/framework/src/Illuminate/Container/BoundMethod.php(35): Illuminate\\Container\\BoundMethod::callBoundMethod(Object(Illuminate\\Foundation\\Application), Array, Object(Closure))
#10 /Users/denfreemann/LaravelCRUD-Deniss/vendor/laravel/framework/src/Illuminate/Container/Container.php(662): Illuminate\\Container\\BoundMethod::call(Object(Illuminate\\Foundation\\Application), Array, Array, NULL)
#11 /Users/denfreemann/LaravelCRUD-Deniss/vendor/laravel/framework/src/Illuminate/Console/Command.php(208): Illuminate\\Container\\Container->call(Array)
#12 /Users/denfreemann/LaravelCRUD-Deniss/vendor/symfony/console/Command/Command.php(326): Illuminate\\Console\\Command->execute(Object(Symfony\\Component\\Console\\Input\\ArgvInput), Object(Illuminate\\Console\\OutputStyle))
#13 /Users/denfreemann/LaravelCRUD-Deniss/vendor/laravel/framework/src/Illuminate/Console/Command.php(177): Symfony\\Component\\Console\\Command\\Command->run(Object(Symfony\\Component\\Console\\Input\\ArgvInput), Object(Illuminate\\Console\\OutputStyle))
#14 /Users/denfreemann/LaravelCRUD-Deniss/vendor/symfony/console/Application.php(1081): Illuminate\\Console\\Command->run(Object(Symfony\\Component\\Console\\Input\\ArgvInput), Object(Symfony\\Component\\Console\\Output\\ConsoleOutput))
#15 /Users/denfreemann/LaravelCRUD-Deniss/vendor/symfony/console/Application.php(320): Symfony\\Component\\Console\\Application->doRunCommand(Object(Illuminate\\Database\\Console\\Migrations\\MigrateCommand), Object(Symfony\\Component\\Console\\Input\\ArgvInput), Object(Symfony\\Component\\Console\\Output\\ConsoleOutput))
#16 /Users/denfreemann/LaravelCRUD-Deniss/vendor/symfony/console/Application.php(174): Symfony\\Component\\Console\\Application->doRun(Object(Symfony\\Component\\Console\\Input\\ArgvInput), Object(Symfony\\Component\\Console\\Output\\ConsoleOutput))
#17 /Users/denfreemann/LaravelCRUD-Deniss/vendor/laravel/framework/src/Illuminate/Foundation/Console/Kernel.php(200): Symfony\\Component\\Console\\Application->run(Object(Symfony\\Component\\Console\\Input\\ArgvInput), Object(Symfony\\Component\\Console\\Output\\ConsoleOutput))
#18 /Users/denfreemann/LaravelCRUD-Deniss/artisan(35): Illuminate\\Foundation\\Console\\Kernel->handle(Object(Symfony\\Component\\Console\\Input\\ArgvInput), Object(Symfony\\Component\\Console\\Output\\ConsoleOutput))
#19 {main}
"} 
[2023-06-04 21:18:28] local.ERROR: syntax error, unexpected token "public", expecting "{" {"exception":"[object] (ParseError(code: 0): syntax error, unexpected token \"public\", expecting \"{\" at /Users/denfreemann/LaravelCRUD-Deniss/database/migrations/2023_06_04_204505_create_companies_table.php:13)
[stacktrace]
#0 /Users/denfreemann/LaravelCRUD-Deniss/vendor/laravel/framework/src/Illuminate/Filesystem/Filesystem.php(150): Illuminate\\Filesystem\\Filesystem::Illuminate\\Filesystem\\{closure}()
#1 /Users/denfreemann/LaravelCRUD-Deniss/vendor/laravel/framework/src/Illuminate/Database/Migrations/Migrator.php(574): Illuminate\\Filesystem\\Filesystem->requireOnce('/Users/denfreem...')
#2 /Users/denfreemann/LaravelCRUD-Deniss/vendor/laravel/framework/src/Illuminate/Database/Migrations/Migrator.php(117): Illuminate\\Database\\Migrations\\Migrator->requireFiles(Array)
#3 /Users/denfreemann/LaravelCRUD-Deniss/vendor/laravel/framework/src/Illuminate/Database/Console/Migrations/MigrateCommand.php(88): Illuminate\\Database\\Migrations\\Migrator->run(Array, Array)
#4 /Users/denfreemann/LaravelCRUD-Deniss/vendor/laravel/framework/src/Illuminate/Database/Migrations/Migrator.php(633): Illuminate\\Database\\Console\\Migrations\\MigrateCommand->Illuminate\\Database\\Console\\Migrations\\{closure}()
#5 /Users/denfreemann/LaravelCRUD-Deniss/vendor/laravel/framework/src/Illuminate/Database/Console/Migrations/MigrateCommand.php(81): Illuminate\\Database\\Migrations\\Migrator->usingConnection(NULL, Object(Closure))
#6 /Users/denfreemann/LaravelCRUD-Deniss/vendor/laravel/framework/src/Illuminate/Container/BoundMethod.php(36): Illuminate\\Database\\Console\\Migrations\\MigrateCommand->handle()
#7 /Users/denfreemann/LaravelCRUD-Deniss/vendor/laravel/framework/src/Illuminate/Container/Util.php(41): Illuminate\\Container\\BoundMethod::Illuminate\\Container\\{closure}()
#8 /Users/denfreemann/LaravelCRUD-Deniss/vendor/laravel/framework/src/Illuminate/Container/BoundMethod.php(93): Illuminate\\Container\\Util::unwrapIfClosure(Object(Closure))
#9 /Users/denfreemann/LaravelCRUD-Deniss/vendor/laravel/framework/src/Illuminate/Container/BoundMethod.php(35): Illuminate\\Container\\BoundMethod::callBoundMethod(Object(Illuminate\\Foundation\\Application), Array, Object(Closure))
#10 /Users/denfreemann/LaravelCRUD-Deniss/vendor/laravel/framework/src/Illuminate/Container/Container.php(662): Illuminate\\Container\\BoundMethod::call(Object(Illuminate\\Foundation\\Application), Array, Array, NULL)
#11 /Users/denfreemann/LaravelCRUD-Deniss/vendor/laravel/framework/src/Illuminate/Console/Command.php(208): Illuminate\\Container\\Container->call(Array)
#12 /Users/denfreemann/LaravelCRUD-Deniss/vendor/symfony/console/Command/Command.php(326): Illuminate\\Console\\Command->execute(Object(Symfony\\Component\\Console\\Input\\ArgvInput), Object(Illuminate\\Console\\OutputStyle))
#13 /Users/denfreemann/LaravelCRUD-Deniss/vendor/laravel/framework/src/Illuminate/Console/Command.php(177): Symfony\\Component\\Console\\Command\\Command->run(Object(Symfony\\Component\\Console\\Input\\ArgvInput), Object(Illuminate\\Console\\OutputStyle))
#14 /Users/denfreemann/LaravelCRUD-Deniss/vendor/symfony/console/Application.php(1081): Illuminate\\Console\\Command->run(Object(Symfony\\Component\\Console\\Input\\ArgvInput), Object(Symfony\\Component\\Console\\Output\\ConsoleOutput))
#15 /Users/denfreemann/LaravelCRUD-Deniss/vendor/symfony/console/Application.php(320): Symfony\\Component\\Console\\Application->doRunCommand(Object(Illuminate\\Database\\Console\\Migrations\\MigrateCommand), Object(Symfony\\Component\\Console\\Input\\ArgvInput), Object(Symfony\\Component\\Console\\Output\\ConsoleOutput))
#16 /Users/denfreemann/LaravelCRUD-Deniss/vendor/symfony/console/Application.php(174): Symfony\\Component\\Console\\Application->doRun(Object(Symfony\\Component\\Console\\Input\\ArgvInput), Object(Symfony\\Component\\Console\\Output\\ConsoleOutput))
#17 /Users/denfreemann/LaravelCRUD-Deniss/vendor/laravel/framework/src/Illuminate/Foundation/Console/Kernel.php(200): Symfony\\Component\\Console\\Application->run(Object(Symfony\\Component\\Console\\Input\\ArgvInput), Object(Symfony\\Component\\Console\\Output\\ConsoleOutput))
#18 /Users/denfreemann/LaravelCRUD-Deniss/artisan(35): Illuminate\\Foundation\\Console\\Kernel->handle(Object(Symfony\\Component\\Console\\Input\\ArgvInput), Object(Symfony\\Component\\Console\\Output\\ConsoleOutput))
#19 {main}
"} 
